2016-08-17 06:09:39 [::1][-][-][error][yii\base\ErrorException:1] exception 'yii\base\ErrorException' with message 'Class 'humhub\modules\user\models\User' not found' in C:\xampp\htdocs\humhub-1.1.0\protected\humhub\modules\comment\config.php:15
Stack trace:
#0 [internal function]: yii\base\ErrorHandler->handleFatalError()
#1 {main}
2016-08-17 06:09:39 [::1][-][-][info][application] $_GET = [
    'r' => 'notification/list/get-update-json'
]

$_SERVER = [
    'MIBDIRS' => 'C:/xampp/php/extras/mibs'
    'MYSQL_HOME' => '\\xampp\\mysql\\bin'
    'OPENSSL_CONF' => 'C:/xampp/apache/bin/openssl.cnf'
    'PHP_PEAR_SYSCONF_DIR' => '\\xampp\\php'
    'PHPRC' => '\\xampp\\php'
    'TMP' => '\\xampp\\tmp'
    'HTTP_HOST' => 'localhost'
    'HTTP_CONNECTION' => 'keep-alive'
    'HTTP_ACCEPT' => 'application/json, text/javascript, */*; q=0.01'
    'HTTP_X_CSRF_TOKEN' => 'dlAtRkFHVUk1FkE/ChQyMTQ6bwQoMz8APR9pEQUDbXAaGR8xMS5hHQ=='
    'HTTP_X_REQUESTED_WITH' => 'XMLHttpRequest'
    'HTTP_USER_AGENT' => 'Mozilla/5.0 (Windows NT 6.2; WOW64) AppleWebKit/537.36 (KHTML, like Gecko) Chrome/52.0.2743.116 Safari/537.36'
    'HTTP_REFERER' => 'http://localhost/humhub-1.1.0/'
    'HTTP_ACCEPT_ENCODING' => 'gzip, deflate, sdch'
    'HTTP_ACCEPT_LANGUAGE' => 'es-ES,es;q=0.8'
    'HTTP_COOKIE' => 'pm_new-people-panel=expanded; pm_new-spaces-panel=expanded; pm_getting-started-panel=expanded; pm_space-members-panel=expanded; _csrf=f9ef71449f54aad2fe1deb045eed637c53b54027eca3f14a29554dcc8029bffca%3A2%3A%7Bi%3A0%3Bs%3A5%3A%22_csrf%22%3Bi%3A1%3Bs%3A32%3A%22CFlyKSgxBjBBitjIKODWDD89lI2wpi4T%22%3B%7D; PHPSESSID=d33boblumju8t5i0p7ipct3tg5; _identity=de1ff6d4391bd72331e90e8abbfab47e1330e0864ff130b21c2b4999938c0eb5a%3A2%3A%7Bi%3A0%3Bs%3A9%3A%22_identity%22%3Bi%3A1%3Bs%3A50%3A%22%5B1%2C%223dba7dd7-5e25-4447-8943-2774b5d65e7b%22%2C2592000%5D%22%3B%7D'
    'PATH' => 'C:\\Windows\\system32;C:\\Windows;C:\\Windows\\System32\\Wbem;C:\\Windows\\System32\\WindowsPowerShell\\v1.0\\;C:\\Program Files (x86)\\Intel\\OpenCL SDK\\2.0\\bin\\x86;C:\\Program Files (x86)\\Intel\\OpenCL SDK\\2.0\\bin\\x64;C:\\xampp\\htdocs\\yii-1.1.14\\framework;C:\\xampp\\php;~\\.composer\\vendor\\bin\\;C:\\Program Files (x86)\\Microsoft ASP.NET\\ASP.NET Web Pages\\v1.0\\;C:\\Program Files (x86)\\Windows Kits\\8.0\\Windows Performance Toolkit\\;C:\\Program Files\\Microsoft SQL Server\\110\\Tools\\Binn\\;C:\\Program Files (x86)\\Java\\jdk1.7.0_15\\bin;C:\\Program Files\\Microsoft\\Web Platform Installer\\;C:\\Program Files (x86)\\Git\\cmd;C:\\ProgramData\\ComposerSetup\\bin;C:\\Program Files\\nodejs\\;C:\\Program Files\\Microsoft SQL Server\\120\\DTS\\Binn\\;C:\\Program Files\\Microsoft SQL Server\\Client SDK\\ODBC\\110\\Tools\\Binn\\;C:\\Program Files (x86)\\Microsoft SQL Server\\120\\Tools\\Binn\\;C:\\Program Files\\Microsoft SQL Server\\120\\Tools\\Binn\\;C:\\Program Files (x86)\\Microsoft SQL Server\\120\\Tools\\Binn\\ManagementStudio\\;C:\\Program Files (x86)\\Microsoft SQL Server\\120\\DTS\\Binn\\;C:\\Users\\JulyosCesar\\AppData\\Roaming\\npm;C:\\Users\\JulyosCesar\\AppData\\Local\\.meteor\\'
    'SystemRoot' => 'C:\\Windows'
    'COMSPEC' => 'C:\\Windows\\system32\\cmd.exe'
    'PATHEXT' => '.COM;.EXE;.BAT;.CMD;.VBS;.VBE;.JS;.JSE;.WSF;.WSH;.MSC'
    'WINDIR' => 'C:\\Windows'
    'SERVER_SIGNATURE' => '<address>Apache/2.4.17 (Win32) OpenSSL/1.0.2d PHP/5.6.23 Server at localhost Port 80</address>
'
    'SERVER_SOFTWARE' => 'Apache/2.4.17 (Win32) OpenSSL/1.0.2d PHP/5.6.23'
    'SERVER_NAME' => 'localhost'
    'SERVER_ADDR' => '::1'
    'SERVER_PORT' => '80'
    'REMOTE_ADDR' => '::1'
    'DOCUMENT_ROOT' => 'C:/xampp/htdocs'
    'REQUEST_SCHEME' => 'http'
    'CONTEXT_PREFIX' => ''
    'CONTEXT_DOCUMENT_ROOT' => 'C:/xampp/htdocs'
    'SERVER_ADMIN' => 'postmaster@localhost'
    'SCRIPT_FILENAME' => 'C:/xampp/htdocs/humhub-1.1.0/index.php'
    'REMOTE_PORT' => '54402'
    'GATEWAY_INTERFACE' => 'CGI/1.1'
    'SERVER_PROTOCOL' => 'HTTP/1.1'
    'REQUEST_METHOD' => 'GET'
    'QUERY_STRING' => 'r=notification%2Flist%2Fget-update-json'
    'REQUEST_URI' => '/humhub-1.1.0/index.php?r=notification%2Flist%2Fget-update-json'
    'SCRIPT_NAME' => '/humhub-1.1.0/index.php'
    'PHP_SELF' => '/humhub-1.1.0/index.php'
    'REQUEST_TIME_FLOAT' => 1471406979.006
    'REQUEST_TIME' => 1471406979
]
2016-08-17 06:09:39 [::1][-][-][warning][yii\log\Dispatcher::dispatch] Unable to send log via yii\log\DbTarget: Exception (Database Exception) 'yii\db\Exception' with message 'SQLSTATE[HY000] [1044] Access denied for user ''@'localhost' to database 'humhub'' 

in C:\xampp\htdocs\humhub-1.1.0\protected\vendor\yiisoft\yii2\db\Connection.php:550

Stack trace:
#0 C:\xampp\htdocs\humhub-1.1.0\protected\vendor\yiisoft\yii2\db\Connection.php(864): yii\db\Connection->open()
#1 C:\xampp\htdocs\humhub-1.1.0\protected\vendor\yiisoft\yii2\db\Connection.php(851): yii\db\Connection->getMasterPdo()
#2 C:\xampp\htdocs\humhub-1.1.0\protected\vendor\yiisoft\yii2\db\Schema.php(480): yii\db\Connection->getSlavePdo()
#3 C:\xampp\htdocs\humhub-1.1.0\protected\vendor\yiisoft\yii2\db\Connection.php(760): yii\db\Schema->quoteValue('yii\\base\\ErrorE...')
#4 C:\xampp\htdocs\humhub-1.1.0\protected\vendor\yiisoft\yii2\db\Command.php(175): yii\db\Connection->quoteValue('yii\\base\\ErrorE...')
#5 C:\xampp\htdocs\humhub-1.1.0\protected\vendor\yiisoft\yii2\db\Command.php(830): yii\db\Command->getRawSql()
#6 C:\xampp\htdocs\humhub-1.1.0\protected\vendor\yiisoft\yii2\log\DbTarget.php(83): yii\db\Command->execute()
#7 C:\xampp\htdocs\humhub-1.1.0\protected\vendor\yiisoft\yii2\log\Target.php(122): yii\log\DbTarget->export()
#8 C:\xampp\htdocs\humhub-1.1.0\protected\vendor\yiisoft\yii2\log\Dispatcher.php(188): yii\log\Target->collect(Array, true)
#9 C:\xampp\htdocs\humhub-1.1.0\protected\vendor\yiisoft\yii2\log\Logger.php(173): yii\log\Dispatcher->dispatch(Array, true)
#10 C:\xampp\htdocs\humhub-1.1.0\protected\vendor\yiisoft\yii2\base\ErrorHandler.php(247): yii\log\Logger->flush(true)
#11 [internal function]: yii\base\ErrorHandler->handleFatalError()
#12 {main}
2016-08-17 06:09:39 [::1][-][-][info][application] $_GET = [
    'r' => 'notification/list/get-update-json'
]

$_SERVER = [
    'MIBDIRS' => 'C:/xampp/php/extras/mibs'
    'MYSQL_HOME' => '\\xampp\\mysql\\bin'
    'OPENSSL_CONF' => 'C:/xampp/apache/bin/openssl.cnf'
    'PHP_PEAR_SYSCONF_DIR' => '\\xampp\\php'
    'PHPRC' => '\\xampp\\php'
    'TMP' => '\\xampp\\tmp'
    'HTTP_HOST' => 'localhost'
    'HTTP_CONNECTION' => 'keep-alive'
    'HTTP_ACCEPT' => 'application/json, text/javascript, */*; q=0.01'
    'HTTP_X_CSRF_TOKEN' => 'dlAtRkFHVUk1FkE/ChQyMTQ6bwQoMz8APR9pEQUDbXAaGR8xMS5hHQ=='
    'HTTP_X_REQUESTED_WITH' => 'XMLHttpRequest'
    'HTTP_USER_AGENT' => 'Mozilla/5.0 (Windows NT 6.2; WOW64) AppleWebKit/537.36 (KHTML, like Gecko) Chrome/52.0.2743.116 Safari/537.36'
    'HTTP_REFERER' => 'http://localhost/humhub-1.1.0/'
    'HTTP_ACCEPT_ENCODING' => 'gzip, deflate, sdch'
    'HTTP_ACCEPT_LANGUAGE' => 'es-ES,es;q=0.8'
    'HTTP_COOKIE' => 'pm_new-people-panel=expanded; pm_new-spaces-panel=expanded; pm_getting-started-panel=expanded; pm_space-members-panel=expanded; _csrf=f9ef71449f54aad2fe1deb045eed637c53b54027eca3f14a29554dcc8029bffca%3A2%3A%7Bi%3A0%3Bs%3A5%3A%22_csrf%22%3Bi%3A1%3Bs%3A32%3A%22CFlyKSgxBjBBitjIKODWDD89lI2wpi4T%22%3B%7D; PHPSESSID=d33boblumju8t5i0p7ipct3tg5; _identity=de1ff6d4391bd72331e90e8abbfab47e1330e0864ff130b21c2b4999938c0eb5a%3A2%3A%7Bi%3A0%3Bs%3A9%3A%22_identity%22%3Bi%3A1%3Bs%3A50%3A%22%5B1%2C%223dba7dd7-5e25-4447-8943-2774b5d65e7b%22%2C2592000%5D%22%3B%7D'
    'PATH' => 'C:\\Windows\\system32;C:\\Windows;C:\\Windows\\System32\\Wbem;C:\\Windows\\System32\\WindowsPowerShell\\v1.0\\;C:\\Program Files (x86)\\Intel\\OpenCL SDK\\2.0\\bin\\x86;C:\\Program Files (x86)\\Intel\\OpenCL SDK\\2.0\\bin\\x64;C:\\xampp\\htdocs\\yii-1.1.14\\framework;C:\\xampp\\php;~\\.composer\\vendor\\bin\\;C:\\Program Files (x86)\\Microsoft ASP.NET\\ASP.NET Web Pages\\v1.0\\;C:\\Program Files (x86)\\Windows Kits\\8.0\\Windows Performance Toolkit\\;C:\\Program Files\\Microsoft SQL Server\\110\\Tools\\Binn\\;C:\\Program Files (x86)\\Java\\jdk1.7.0_15\\bin;C:\\Program Files\\Microsoft\\Web Platform Installer\\;C:\\Program Files (x86)\\Git\\cmd;C:\\ProgramData\\ComposerSetup\\bin;C:\\Program Files\\nodejs\\;C:\\Program Files\\Microsoft SQL Server\\120\\DTS\\Binn\\;C:\\Program Files\\Microsoft SQL Server\\Client SDK\\ODBC\\110\\Tools\\Binn\\;C:\\Program Files (x86)\\Microsoft SQL Server\\120\\Tools\\Binn\\;C:\\Program Files\\Microsoft SQL Server\\120\\Tools\\Binn\\;C:\\Program Files (x86)\\Microsoft SQL Server\\120\\Tools\\Binn\\ManagementStudio\\;C:\\Program Files (x86)\\Microsoft SQL Server\\120\\DTS\\Binn\\;C:\\Users\\JulyosCesar\\AppData\\Roaming\\npm;C:\\Users\\JulyosCesar\\AppData\\Local\\.meteor\\'
    'SystemRoot' => 'C:\\Windows'
    'COMSPEC' => 'C:\\Windows\\system32\\cmd.exe'
    'PATHEXT' => '.COM;.EXE;.BAT;.CMD;.VBS;.VBE;.JS;.JSE;.WSF;.WSH;.MSC'
    'WINDIR' => 'C:\\Windows'
    'SERVER_SIGNATURE' => '<address>Apache/2.4.17 (Win32) OpenSSL/1.0.2d PHP/5.6.23 Server at localhost Port 80</address>
'
    'SERVER_SOFTWARE' => 'Apache/2.4.17 (Win32) OpenSSL/1.0.2d PHP/5.6.23'
    'SERVER_NAME' => 'localhost'
    'SERVER_ADDR' => '::1'
    'SERVER_PORT' => '80'
    'REMOTE_ADDR' => '::1'
    'DOCUMENT_ROOT' => 'C:/xampp/htdocs'
    'REQUEST_SCHEME' => 'http'
    'CONTEXT_PREFIX' => ''
    'CONTEXT_DOCUMENT_ROOT' => 'C:/xampp/htdocs'
    'SERVER_ADMIN' => 'postmaster@localhost'
    'SCRIPT_FILENAME' => 'C:/xampp/htdocs/humhub-1.1.0/index.php'
    'REMOTE_PORT' => '54402'
    'GATEWAY_INTERFACE' => 'CGI/1.1'
    'SERVER_PROTOCOL' => 'HTTP/1.1'
    'REQUEST_METHOD' => 'GET'
    'QUERY_STRING' => 'r=notification%2Flist%2Fget-update-json'
    'REQUEST_URI' => '/humhub-1.1.0/index.php?r=notification%2Flist%2Fget-update-json'
    'SCRIPT_NAME' => '/humhub-1.1.0/index.php'
    'PHP_SELF' => '/humhub-1.1.0/index.php'
    'REQUEST_TIME_FLOAT' => 1471406979.006
    'REQUEST_TIME' => 1471406979
]
2016-08-17 06:09:59 [::1][-][-][error][yii\base\ErrorException:1] exception 'yii\base\ErrorException' with message 'Class 'humhub\modules\user\models\User' not found' in C:\xampp\htdocs\humhub-1.1.0\protected\humhub\modules\comment\config.php:15
Stack trace:
#0 [internal function]: yii\base\ErrorHandler->handleFatalError()
#1 {main}
2016-08-17 06:09:59 [::1][-][-][info][application] $_GET = [
    'r' => 'notification/list/get-update-json'
]

$_SERVER = [
    'MIBDIRS' => 'C:/xampp/php/extras/mibs'
    'MYSQL_HOME' => '\\xampp\\mysql\\bin'
    'OPENSSL_CONF' => 'C:/xampp/apache/bin/openssl.cnf'
    'PHP_PEAR_SYSCONF_DIR' => '\\xampp\\php'
    'PHPRC' => '\\xampp\\php'
    'TMP' => '\\xampp\\tmp'
    'HTTP_HOST' => 'localhost'
    'HTTP_CONNECTION' => 'keep-alive'
    'HTTP_ACCEPT' => 'application/json, text/javascript, */*; q=0.01'
    'HTTP_X_CSRF_TOKEN' => 'dlAtRkFHVUk1FkE/ChQyMTQ6bwQoMz8APR9pEQUDbXAaGR8xMS5hHQ=='
    'HTTP_X_REQUESTED_WITH' => 'XMLHttpRequest'
    'HTTP_USER_AGENT' => 'Mozilla/5.0 (Windows NT 6.2; WOW64) AppleWebKit/537.36 (KHTML, like Gecko) Chrome/52.0.2743.116 Safari/537.36'
    'HTTP_REFERER' => 'http://localhost/humhub-1.1.0/'
    'HTTP_ACCEPT_ENCODING' => 'gzip, deflate, sdch'
    'HTTP_ACCEPT_LANGUAGE' => 'es-ES,es;q=0.8'
    'HTTP_COOKIE' => 'pm_new-people-panel=expanded; pm_new-spaces-panel=expanded; pm_getting-started-panel=expanded; pm_space-members-panel=expanded; _csrf=f9ef71449f54aad2fe1deb045eed637c53b54027eca3f14a29554dcc8029bffca%3A2%3A%7Bi%3A0%3Bs%3A5%3A%22_csrf%22%3Bi%3A1%3Bs%3A32%3A%22CFlyKSgxBjBBitjIKODWDD89lI2wpi4T%22%3B%7D; PHPSESSID=d33boblumju8t5i0p7ipct3tg5; _identity=de1ff6d4391bd72331e90e8abbfab47e1330e0864ff130b21c2b4999938c0eb5a%3A2%3A%7Bi%3A0%3Bs%3A9%3A%22_identity%22%3Bi%3A1%3Bs%3A50%3A%22%5B1%2C%223dba7dd7-5e25-4447-8943-2774b5d65e7b%22%2C2592000%5D%22%3B%7D'
    'PATH' => 'C:\\Windows\\system32;C:\\Windows;C:\\Windows\\System32\\Wbem;C:\\Windows\\System32\\WindowsPowerShell\\v1.0\\;C:\\Program Files (x86)\\Intel\\OpenCL SDK\\2.0\\bin\\x86;C:\\Program Files (x86)\\Intel\\OpenCL SDK\\2.0\\bin\\x64;C:\\xampp\\htdocs\\yii-1.1.14\\framework;C:\\xampp\\php;~\\.composer\\vendor\\bin\\;C:\\Program Files (x86)\\Microsoft ASP.NET\\ASP.NET Web Pages\\v1.0\\;C:\\Program Files (x86)\\Windows Kits\\8.0\\Windows Performance Toolkit\\;C:\\Program Files\\Microsoft SQL Server\\110\\Tools\\Binn\\;C:\\Program Files (x86)\\Java\\jdk1.7.0_15\\bin;C:\\Program Files\\Microsoft\\Web Platform Installer\\;C:\\Program Files (x86)\\Git\\cmd;C:\\ProgramData\\ComposerSetup\\bin;C:\\Program Files\\nodejs\\;C:\\Program Files\\Microsoft SQL Server\\120\\DTS\\Binn\\;C:\\Program Files\\Microsoft SQL Server\\Client SDK\\ODBC\\110\\Tools\\Binn\\;C:\\Program Files (x86)\\Microsoft SQL Server\\120\\Tools\\Binn\\;C:\\Program Files\\Microsoft SQL Server\\120\\Tools\\Binn\\;C:\\Program Files (x86)\\Microsoft SQL Server\\120\\Tools\\Binn\\ManagementStudio\\;C:\\Program Files (x86)\\Microsoft SQL Server\\120\\DTS\\Binn\\;C:\\Users\\JulyosCesar\\AppData\\Roaming\\npm;C:\\Users\\JulyosCesar\\AppData\\Local\\.meteor\\'
    'SystemRoot' => 'C:\\Windows'
    'COMSPEC' => 'C:\\Windows\\system32\\cmd.exe'
    'PATHEXT' => '.COM;.EXE;.BAT;.CMD;.VBS;.VBE;.JS;.JSE;.WSF;.WSH;.MSC'
    'WINDIR' => 'C:\\Windows'
    'SERVER_SIGNATURE' => '<address>Apache/2.4.17 (Win32) OpenSSL/1.0.2d PHP/5.6.23 Server at localhost Port 80</address>
'
    'SERVER_SOFTWARE' => 'Apache/2.4.17 (Win32) OpenSSL/1.0.2d PHP/5.6.23'
    'SERVER_NAME' => 'localhost'
    'SERVER_ADDR' => '::1'
    'SERVER_PORT' => '80'
    'REMOTE_ADDR' => '::1'
    'DOCUMENT_ROOT' => 'C:/xampp/htdocs'
    'REQUEST_SCHEME' => 'http'
    'CONTEXT_PREFIX' => ''
    'CONTEXT_DOCUMENT_ROOT' => 'C:/xampp/htdocs'
    'SERVER_ADMIN' => 'postmaster@localhost'
    'SCRIPT_FILENAME' => 'C:/xampp/htdocs/humhub-1.1.0/index.php'
    'REMOTE_PORT' => '54404'
    'GATEWAY_INTERFACE' => 'CGI/1.1'
    'SERVER_PROTOCOL' => 'HTTP/1.1'
    'REQUEST_METHOD' => 'GET'
    'QUERY_STRING' => 'r=notification%2Flist%2Fget-update-json'
    'REQUEST_URI' => '/humhub-1.1.0/index.php?r=notification%2Flist%2Fget-update-json'
    'SCRIPT_NAME' => '/humhub-1.1.0/index.php'
    'PHP_SELF' => '/humhub-1.1.0/index.php'
    'REQUEST_TIME_FLOAT' => 1471406999.007
    'REQUEST_TIME' => 1471406999
]
2016-08-17 06:10:00 [::1][-][-][warning][yii\log\Dispatcher::dispatch] Unable to send log via yii\log\DbTarget: Exception (Database Exception) 'yii\db\Exception' with message 'SQLSTATE[HY000] [1044] Access denied for user ''@'localhost' to database 'humhub'' 

in C:\xampp\htdocs\humhub-1.1.0\protected\vendor\yiisoft\yii2\db\Connection.php:550

Stack trace:
#0 C:\xampp\htdocs\humhub-1.1.0\protected\vendor\yiisoft\yii2\db\Connection.php(864): yii\db\Connection->open()
#1 C:\xampp\htdocs\humhub-1.1.0\protected\vendor\yiisoft\yii2\db\Connection.php(851): yii\db\Connection->getMasterPdo()
#2 C:\xampp\htdocs\humhub-1.1.0\protected\vendor\yiisoft\yii2\db\Schema.php(480): yii\db\Connection->getSlavePdo()
#3 C:\xampp\htdocs\humhub-1.1.0\protected\vendor\yiisoft\yii2\db\Connection.php(760): yii\db\Schema->quoteValue('yii\\base\\ErrorE...')
#4 C:\xampp\htdocs\humhub-1.1.0\protected\vendor\yiisoft\yii2\db\Command.php(175): yii\db\Connection->quoteValue('yii\\base\\ErrorE...')
#5 C:\xampp\htdocs\humhub-1.1.0\protected\vendor\yiisoft\yii2\db\Command.php(830): yii\db\Command->getRawSql()
#6 C:\xampp\htdocs\humhub-1.1.0\protected\vendor\yiisoft\yii2\log\DbTarget.php(83): yii\db\Command->execute()
#7 C:\xampp\htdocs\humhub-1.1.0\protected\vendor\yiisoft\yii2\log\Target.php(122): yii\log\DbTarget->export()
#8 C:\xampp\htdocs\humhub-1.1.0\protected\vendor\yiisoft\yii2\log\Dispatcher.php(188): yii\log\Target->collect(Array, true)
#9 C:\xampp\htdocs\humhub-1.1.0\protected\vendor\yiisoft\yii2\log\Logger.php(173): yii\log\Dispatcher->dispatch(Array, true)
#10 C:\xampp\htdocs\humhub-1.1.0\protected\vendor\yiisoft\yii2\base\ErrorHandler.php(247): yii\log\Logger->flush(true)
#11 [internal function]: yii\base\ErrorHandler->handleFatalError()
#12 {main}
2016-08-17 06:09:59 [::1][-][-][info][application] $_GET = [
    'r' => 'notification/list/get-update-json'
]

$_SERVER = [
    'MIBDIRS' => 'C:/xampp/php/extras/mibs'
    'MYSQL_HOME' => '\\xampp\\mysql\\bin'
    'OPENSSL_CONF' => 'C:/xampp/apache/bin/openssl.cnf'
    'PHP_PEAR_SYSCONF_DIR' => '\\xampp\\php'
    'PHPRC' => '\\xampp\\php'
    'TMP' => '\\xampp\\tmp'
    'HTTP_HOST' => 'localhost'
    'HTTP_CONNECTION' => 'keep-alive'
    'HTTP_ACCEPT' => 'application/json, text/javascript, */*; q=0.01'
    'HTTP_X_CSRF_TOKEN' => 'dlAtRkFHVUk1FkE/ChQyMTQ6bwQoMz8APR9pEQUDbXAaGR8xMS5hHQ=='
    'HTTP_X_REQUESTED_WITH' => 'XMLHttpRequest'
    'HTTP_USER_AGENT' => 'Mozilla/5.0 (Windows NT 6.2; WOW64) AppleWebKit/537.36 (KHTML, like Gecko) Chrome/52.0.2743.116 Safari/537.36'
    'HTTP_REFERER' => 'http://localhost/humhub-1.1.0/'
    'HTTP_ACCEPT_ENCODING' => 'gzip, deflate, sdch'
    'HTTP_ACCEPT_LANGUAGE' => 'es-ES,es;q=0.8'
    'HTTP_COOKIE' => 'pm_new-people-panel=expanded; pm_new-spaces-panel=expanded; pm_getting-started-panel=expanded; pm_space-members-panel=expanded; _csrf=f9ef71449f54aad2fe1deb045eed637c53b54027eca3f14a29554dcc8029bffca%3A2%3A%7Bi%3A0%3Bs%3A5%3A%22_csrf%22%3Bi%3A1%3Bs%3A32%3A%22CFlyKSgxBjBBitjIKODWDD89lI2wpi4T%22%3B%7D; PHPSESSID=d33boblumju8t5i0p7ipct3tg5; _identity=de1ff6d4391bd72331e90e8abbfab47e1330e0864ff130b21c2b4999938c0eb5a%3A2%3A%7Bi%3A0%3Bs%3A9%3A%22_identity%22%3Bi%3A1%3Bs%3A50%3A%22%5B1%2C%223dba7dd7-5e25-4447-8943-2774b5d65e7b%22%2C2592000%5D%22%3B%7D'
    'PATH' => 'C:\\Windows\\system32;C:\\Windows;C:\\Windows\\System32\\Wbem;C:\\Windows\\System32\\WindowsPowerShell\\v1.0\\;C:\\Program Files (x86)\\Intel\\OpenCL SDK\\2.0\\bin\\x86;C:\\Program Files (x86)\\Intel\\OpenCL SDK\\2.0\\bin\\x64;C:\\xampp\\htdocs\\yii-1.1.14\\framework;C:\\xampp\\php;~\\.composer\\vendor\\bin\\;C:\\Program Files (x86)\\Microsoft ASP.NET\\ASP.NET Web Pages\\v1.0\\;C:\\Program Files (x86)\\Windows Kits\\8.0\\Windows Performance Toolkit\\;C:\\Program Files\\Microsoft SQL Server\\110\\Tools\\Binn\\;C:\\Program Files (x86)\\Java\\jdk1.7.0_15\\bin;C:\\Program Files\\Microsoft\\Web Platform Installer\\;C:\\Program Files (x86)\\Git\\cmd;C:\\ProgramData\\ComposerSetup\\bin;C:\\Program Files\\nodejs\\;C:\\Program Files\\Microsoft SQL Server\\120\\DTS\\Binn\\;C:\\Program Files\\Microsoft SQL Server\\Client SDK\\ODBC\\110\\Tools\\Binn\\;C:\\Program Files (x86)\\Microsoft SQL Server\\120\\Tools\\Binn\\;C:\\Program Files\\Microsoft SQL Server\\120\\Tools\\Binn\\;C:\\Program Files (x86)\\Microsoft SQL Server\\120\\Tools\\Binn\\ManagementStudio\\;C:\\Program Files (x86)\\Microsoft SQL Server\\120\\DTS\\Binn\\;C:\\Users\\JulyosCesar\\AppData\\Roaming\\npm;C:\\Users\\JulyosCesar\\AppData\\Local\\.meteor\\'
    'SystemRoot' => 'C:\\Windows'
    'COMSPEC' => 'C:\\Windows\\system32\\cmd.exe'
    'PATHEXT' => '.COM;.EXE;.BAT;.CMD;.VBS;.VBE;.JS;.JSE;.WSF;.WSH;.MSC'
    'WINDIR' => 'C:\\Windows'
    'SERVER_SIGNATURE' => '<address>Apache/2.4.17 (Win32) OpenSSL/1.0.2d PHP/5.6.23 Server at localhost Port 80</address>
'
    'SERVER_SOFTWARE' => 'Apache/2.4.17 (Win32) OpenSSL/1.0.2d PHP/5.6.23'
    'SERVER_NAME' => 'localhost'
    'SERVER_ADDR' => '::1'
    'SERVER_PORT' => '80'
    'REMOTE_ADDR' => '::1'
    'DOCUMENT_ROOT' => 'C:/xampp/htdocs'
    'REQUEST_SCHEME' => 'http'
    'CONTEXT_PREFIX' => ''
    'CONTEXT_DOCUMENT_ROOT' => 'C:/xampp/htdocs'
    'SERVER_ADMIN' => 'postmaster@localhost'
    'SCRIPT_FILENAME' => 'C:/xampp/htdocs/humhub-1.1.0/index.php'
    'REMOTE_PORT' => '54404'
    'GATEWAY_INTERFACE' => 'CGI/1.1'
    'SERVER_PROTOCOL' => 'HTTP/1.1'
    'REQUEST_METHOD' => 'GET'
    'QUERY_STRING' => 'r=notification%2Flist%2Fget-update-json'
    'REQUEST_URI' => '/humhub-1.1.0/index.php?r=notification%2Flist%2Fget-update-json'
    'SCRIPT_NAME' => '/humhub-1.1.0/index.php'
    'PHP_SELF' => '/humhub-1.1.0/index.php'
    'REQUEST_TIME_FLOAT' => 1471406999.007
    'REQUEST_TIME' => 1471406999
]
2016-08-17 06:15:11 [::1][-][-][error][yii\base\ErrorException:1] exception 'yii\base\ErrorException' with message 'Maximum execution time of 30 seconds exceeded' in C:\xampp\htdocs\portalweb\protected\vendor\yiisoft\yii2\db\Command.php:845
Stack trace:
#0 [internal function]: yii\base\ErrorHandler->handleFatalError()
#1 {main}
2016-08-17 06:14:41 [::1][-][-][info][application] $_GET = [
    'r' => 'installer/config/index'
]

$_SERVER = [
    'MIBDIRS' => 'C:/xampp/php/extras/mibs'
    'MYSQL_HOME' => '\\xampp\\mysql\\bin'
    'OPENSSL_CONF' => 'C:/xampp/apache/bin/openssl.cnf'
    'PHP_PEAR_SYSCONF_DIR' => '\\xampp\\php'
    'PHPRC' => '\\xampp\\php'
    'TMP' => '\\xampp\\tmp'
    'HTTP_HOST' => 'localhost'
    'HTTP_CONNECTION' => 'keep-alive'
    'HTTP_CACHE_CONTROL' => 'max-age=0'
    'HTTP_UPGRADE_INSECURE_REQUESTS' => '1'
    'HTTP_USER_AGENT' => 'Mozilla/5.0 (Windows NT 6.2; WOW64) AppleWebKit/537.36 (KHTML, like Gecko) Chrome/52.0.2743.116 Safari/537.36'
    'HTTP_ACCEPT' => 'text/html,application/xhtml+xml,application/xml;q=0.9,image/webp,*/*;q=0.8'
    'HTTP_REFERER' => 'http://localhost/portalweb/index.php?r=installer%2Fsetup%2Fdatabase'
    'HTTP_ACCEPT_ENCODING' => 'gzip, deflate, sdch'
    'HTTP_ACCEPT_LANGUAGE' => 'es-ES,es;q=0.8'
    'HTTP_COOKIE' => 'pm_user-tags-panel=expanded; pm_user-spaces-panel=expanded; pm_getting-started-panel=expanded; PHPSESSID=d33boblumju8t5i0p7ipct3tg5; _identity=de1ff6d4391bd72331e90e8abbfab47e1330e0864ff130b21c2b4999938c0eb5a%3A2%3A%7Bi%3A0%3Bs%3A9%3A%22_identity%22%3Bi%3A1%3Bs%3A50%3A%22%5B1%2C%223dba7dd7-5e25-4447-8943-2774b5d65e7b%22%2C2592000%5D%22%3B%7D; _csrf=6e24cd54e8923da0715d7fd039b2738fbc6b1c33c5ae5b542232d164e89284fea%3A2%3A%7Bi%3A0%3Bs%3A5%3A%22_csrf%22%3Bi%3A1%3Bs%3A32%3A%22wJYSlqLqI2C0LIh0eHZJXXYtiTQCXW49%22%3B%7D'
    'PATH' => 'C:\\Windows\\system32;C:\\Windows;C:\\Windows\\System32\\Wbem;C:\\Windows\\System32\\WindowsPowerShell\\v1.0\\;C:\\Program Files (x86)\\Intel\\OpenCL SDK\\2.0\\bin\\x86;C:\\Program Files (x86)\\Intel\\OpenCL SDK\\2.0\\bin\\x64;C:\\xampp\\htdocs\\yii-1.1.14\\framework;C:\\xampp\\php;~\\.composer\\vendor\\bin\\;C:\\Program Files (x86)\\Microsoft ASP.NET\\ASP.NET Web Pages\\v1.0\\;C:\\Program Files (x86)\\Windows Kits\\8.0\\Windows Performance Toolkit\\;C:\\Program Files\\Microsoft SQL Server\\110\\Tools\\Binn\\;C:\\Program Files (x86)\\Java\\jdk1.7.0_15\\bin;C:\\Program Files\\Microsoft\\Web Platform Installer\\;C:\\Program Files (x86)\\Git\\cmd;C:\\ProgramData\\ComposerSetup\\bin;C:\\Program Files\\nodejs\\;C:\\Program Files\\Microsoft SQL Server\\120\\DTS\\Binn\\;C:\\Program Files\\Microsoft SQL Server\\Client SDK\\ODBC\\110\\Tools\\Binn\\;C:\\Program Files (x86)\\Microsoft SQL Server\\120\\Tools\\Binn\\;C:\\Program Files\\Microsoft SQL Server\\120\\Tools\\Binn\\;C:\\Program Files (x86)\\Microsoft SQL Server\\120\\Tools\\Binn\\ManagementStudio\\;C:\\Program Files (x86)\\Microsoft SQL Server\\120\\DTS\\Binn\\;C:\\Users\\JulyosCesar\\AppData\\Roaming\\npm;C:\\Users\\JulyosCesar\\AppData\\Local\\.meteor\\'
    'SystemRoot' => 'C:\\Windows'
    'COMSPEC' => 'C:\\Windows\\system32\\cmd.exe'
    'PATHEXT' => '.COM;.EXE;.BAT;.CMD;.VBS;.VBE;.JS;.JSE;.WSF;.WSH;.MSC'
    'WINDIR' => 'C:\\Windows'
    'SERVER_SIGNATURE' => '<address>Apache/2.4.17 (Win32) OpenSSL/1.0.2d PHP/5.6.23 Server at localhost Port 80</address>
'
    'SERVER_SOFTWARE' => 'Apache/2.4.17 (Win32) OpenSSL/1.0.2d PHP/5.6.23'
    'SERVER_NAME' => 'localhost'
    'SERVER_ADDR' => '::1'
    'SERVER_PORT' => '80'
    'REMOTE_ADDR' => '::1'
    'DOCUMENT_ROOT' => 'C:/xampp/htdocs'
    'REQUEST_SCHEME' => 'http'
    'CONTEXT_PREFIX' => ''
    'CONTEXT_DOCUMENT_ROOT' => 'C:/xampp/htdocs'
    'SERVER_ADMIN' => 'postmaster@localhost'
    'SCRIPT_FILENAME' => 'C:/xampp/htdocs/portalweb/index.php'
    'REMOTE_PORT' => '54432'
    'GATEWAY_INTERFACE' => 'CGI/1.1'
    'SERVER_PROTOCOL' => 'HTTP/1.1'
    'REQUEST_METHOD' => 'GET'
    'QUERY_STRING' => 'r=installer%2Fconfig%2Findex'
    'REQUEST_URI' => '/portalweb/index.php?r=installer%2Fconfig%2Findex'
    'SCRIPT_NAME' => '/portalweb/index.php'
    'PHP_SELF' => '/portalweb/index.php'
    'REQUEST_TIME_FLOAT' => 1471407281.016
    'REQUEST_TIME' => 1471407281
]
